<?xml version="1.0" encoding="UTF-8"?>
<!-- Generated by org.testng.reporters.JUnitXMLReporter -->
<testsuite ignored="0" hostname="DESKTOP-F7MFODS" failures="0" tests="2" name="Error Validation Test" time="22.773" errors="0" timestamp="2024-01-04T17:44:44 IST">
  <testcase classname="Selenium.FrameworkDesign.tests.errorValidation" name="LoginErrorValidation" time="2.793"/>
  <testcase classname="Selenium.FrameworkDesign.tests.errorValidation" name="ProductErrorValidation" time="6.172"/>
</testsuite> <!-- Error Validation Test -->
