<?xml version="1.0" encoding="UTF-8"?>
<!-- Generated by org.testng.reporters.JUnitXMLReporter -->
<testsuite ignored="2" hostname="DESKTOP-F7MFODS" failures="0" tests="0" time="0.018" errors="0" timestamp="2024-01-04T17:44:21 IST">
  <testcase classname="Selenium.FrameworkDesign.tests.submitOrderTest" name="submitOrder" time="0.0">
    <ignored/>
  </testcase> <!-- submitOrder -->
  <testcase classname="Selenium.FrameworkDesign.tests.submitOrderTest" name="orderhistoryTest" time="0.0">
    <ignored/>
  </testcase> <!-- orderhistoryTest -->
</testsuite>
